TN:
SF:src/index.ts
FN:130,(anonymous_7)
FN:137,execApi
FN:294,replyManager
FNF:3
FNH:3
FNDA:1,(anonymous_7)
FNDA:1,execApi
FNDA:12,replyManager
DA:1,1
DA:2,1
DA:3,1
DA:4,1
DA:5,1
DA:6,1
DA:7,1
DA:8,1
DA:22,1
DA:23,1
DA:24,1
DA:31,1
DA:46,1
DA:55,1
DA:56,1
DA:79,1
DA:103,1
DA:130,1
DA:132,1
DA:133,0
DA:137,1
DA:140,1
DA:160,1
DA:168,1
DA:180,1
DA:189,1
DA:198,1
DA:210,1
DA:219,1
DA:230,1
DA:246,1
DA:259,1
DA:260,3
DA:293,1
DA:302,12
DA:303,0
DA:307,12
DA:312,12
DA:313,4
DA:316,8
DA:318,4
DA:319,2
DA:321,4
DA:322,1
DA:324,4
DA:325,0
DA:327,4
DA:328,1
LF:48
LH:45
BRDA:132,0,0,0
BRDA:302,1,0,0
BRDA:307,2,0,0
BRDA:307,3,0,12
BRDA:307,3,1,12
BRDA:312,4,0,4
BRDA:316,5,0,4
BRDA:318,6,0,2
BRDA:321,7,0,1
BRDA:324,8,0,0
BRDA:327,9,0,1
BRF:11
BRH:7
end_of_record
